<?xml version="1.0" encoding="UTF-8" standalone="no"?>
<testsuite errors="0" failures="0" name="io.cucumber.core.plugin.JUnitFormatter" skipped="0" tests="2" time="8.752">
    <testcase classname="feature to test login" name="Check login is successfull with valid credentials" time="0.041">
        <system-out><![CDATA[Given user is on login page.................................................passed
When user enters username and password......................................passed
And clicks login button.....................................................passed
Then user is navigated to home page.........................................passed
]]></system-out>
    </testcase>
    <testcase classname="feature to test google search functionality" name="Validate google search is working" time="8.419">
        <system-out><![CDATA[Given browser is open.......................................................passed
And user is on google search page...........................................passed
When user enters a text in search box.......................................passed
And hits enter..............................................................passed
Then user is navigated to search results....................................passed
]]></system-out>
    </testcase>
</testsuite>
